<?xml version="1.0" encoding="UTF-8"?>
<!-- Generated by org.testng.reporters.JUnitReportReporter -->
<testsuite hostname="SHOAS" failures="0" tests="2" name="ecommerce.TestRunner.EcommerceTe3stRunner" time="20.380" errors="0" timestamp="2024-05-26T12:50:02 CDT" skipped="0">
  <testcase classname="ecommerce.TestRunner.EcommerceTe3stRunner" name="feature" time="8.810"/>
  <system-out/>
  <testcase classname="ecommerce.TestRunner.EcommerceTe3stRunner" name="feature" time="11.570"/>
  <system-out/>
</testsuite> <!-- ecommerce.TestRunner.EcommerceTe3stRunner -->
